\BOOKMARK [0][-]{chapter.1}{Prolog}{}% 1
\BOOKMARK [1][-]{section.1.1}{\334berblick}{chapter.1}% 2
\BOOKMARK [1][-]{section.1.2}{Ziel}{chapter.1}% 3
\BOOKMARK [1][-]{section.1.3}{Stand der Technik}{chapter.1}% 4
\BOOKMARK [0][-]{chapter.2}{Theorie-Teil}{}% 5
\BOOKMARK [1][-]{section.2.1}{Theorie Hardware}{chapter.2}% 6
\BOOKMARK [1][-]{section.2.2}{Theorie Software}{chapter.2}% 7
\BOOKMARK [1][-]{section.2.3}{Theorie Mechanik}{chapter.2}% 8
\BOOKMARK [0][-]{chapter.3}{Praxis-Teil}{}% 9
\BOOKMARK [1][-]{section.3.1}{verwendetes Material?}{chapter.3}% 10
\BOOKMARK [2][-]{subsection.3.1.1}{der Arduino Nano}{section.3.1}% 11
\BOOKMARK [2][-]{subsection.3.1.2}{die Arduino IDE}{section.3.1}% 12
\BOOKMARK [2][-]{subsection.3.1.3}{FreeCAD}{section.3.1}% 13
\BOOKMARK [2][-]{subsection.3.1.4}{Cura}{section.3.1}% 14
\BOOKMARK [2][-]{subsection.3.1.5}{Eagle}{section.3.1}% 15
\BOOKMARK [2][-]{subsection.3.1.6}{der Schrittmotor ?}{section.3.1}% 16
\BOOKMARK [1][-]{section.3.2}{Realisierung der Schaltung}{chapter.3}% 17
\BOOKMARK [2][-]{subsection.3.2.1}{Motorsteuerung}{section.3.2}% 18
\BOOKMARK [2][-]{subsection.3.2.2}{IR-Receiver}{section.3.2}% 19
\BOOKMARK [2][-]{subsection.3.2.3}{Display}{section.3.2}% 20
\BOOKMARK [2][-]{subsection.3.2.4}{Anschlagerkennung durch Strommessung}{section.3.2}% 21
\BOOKMARK [2][-]{subsection.3.2.5}{Anschlagerkennung durch Endschalter}{section.3.2}% 22
\BOOKMARK [2][-]{subsection.3.2.6}{Gesamtschaltung}{section.3.2}% 23
\BOOKMARK [1][-]{section.3.3}{Software}{chapter.3}% 24
\BOOKMARK [1][-]{section.3.4}{Das Geh\344use}{chapter.3}% 25
\BOOKMARK [2][-]{subsection.3.4.1}{Motorgeh\344use}{section.3.4}% 26
\BOOKMARK [2][-]{subsection.3.4.2}{Displaygeh\344use}{section.3.4}% 27
\BOOKMARK [2][-]{subsection.3.4.3}{Geh\344usest\344nder}{section.3.4}% 28
\BOOKMARK [1][-]{section.3.5}{Inbetriebnahme / Probleme / Zusammenfassung / Ausblick}{chapter.3}% 29
\BOOKMARK [0][-]{chapter.4}{Anh\344nge}{}% 30
\BOOKMARK [1][-]{section.4.1}{Tabelle Teile\374bersicht}{chapter.4}% 31
\BOOKMARK [1][-]{section.4.2}{Datenbl\344tter}{chapter.4}% 32
\BOOKMARK [1][-]{section.4.3}{Schaltplan}{chapter.4}% 33
\BOOKMARK [1][-]{section.4.4}{Layout}{chapter.4}% 34
\BOOKMARK [1][-]{section.4.5}{Abmessungen}{chapter.4}% 35
\BOOKMARK [1][-]{section.4.6}{Quellcode}{chapter.4}% 36
